{"total": {"lines":{"total":29,"covered":18,"skipped":0,"pct":62.06},"statements":{"total":30,"covered":18,"skipped":0,"pct":60},"functions":{"total":5,"covered":3,"skipped":0,"pct":60},"branches":{"total":29,"covered":13,"skipped":0,"pct":44.82},"branchesTrue":{"total":0,"covered":0,"skipped":0,"pct":100}}
,"/Users/antoniofelipe/Projeto_Terapeuta_Eu_Sou/src/lib/supabase/edge-functions.ts": {"lines":{"total":22,"covered":16,"skipped":0,"pct":72.72},"functions":{"total":4,"covered":3,"skipped":0,"pct":75},"statements":{"total":23,"covered":16,"skipped":0,"pct":69.56},"branches":{"total":23,"covered":13,"skipped":0,"pct":56.52}}
,"/Users/antoniofelipe/Projeto_Terapeuta_Eu_Sou/src/lib/supabase/public-config.ts": {"lines":{"total":7,"covered":2,"skipped":0,"pct":28.57},"functions":{"total":1,"covered":0,"skipped":0,"pct":0},"statements":{"total":7,"covered":2,"skipped":0,"pct":28.57},"branches":{"total":6,"covered":0,"skipped":0,"pct":0}}
,"/Users/antoniofelipe/Projeto_Terapeuta_Eu_Sou/src/test/server-only.ts": {"lines":{"total":0,"covered":0,"skipped":0,"pct":100},"functions":{"total":0,"covered":0,"skipped":0,"pct":100},"statements":{"total":0,"covered":0,"skipped":0,"pct":100},"branches":{"total":0,"covered":0,"skipped":0,"pct":100}}
}
